{"contracts/Raffle.sol":{"l":{"60":3,"61":3,"62":3,"63":3,"64":3,"65":3,"66":3,"67":3,"71":9,"72":1,"75":8,"77":7,"78":7,"84":7,"85":7,"86":7,"87":7,"88":7,"89":7,"95":5,"96":5,"97":1,"102":4,"103":4,"110":4,"117":0,"118":0,"119":0,"122":0,"123":0,"124":0,"125":0,"126":0,"132":0,"136":1,"140":0,"144":3,"148":0,"152":0,"156":0,"160":0,"164":12},"path":"/Users/diveshgiri/Developer/webDevelopment/Blockchain Basics/hard-hat/hardhat-smart-contract-lottery/contracts/Raffle.sol","s":{"1":3,"2":3,"3":3,"4":3,"5":3,"6":3,"7":3,"8":3,"9":9,"10":8,"11":7,"12":7,"13":7,"14":7,"15":7,"16":7,"17":7,"18":7,"19":5,"20":5,"21":4,"22":4,"23":4,"24":0,"25":0,"26":0,"27":0,"28":0,"29":0,"30":0,"31":0,"32":0,"33":1,"34":0,"35":3,"36":0,"37":0,"38":0,"39":0,"40":12},"b":{"1":[1,8],"2":[1,7],"3":[1,4],"4":[0,0]},"f":{"1":3,"2":9,"3":7,"4":5,"5":0,"6":0,"7":1,"8":0,"9":3,"10":0,"11":0,"12":0,"13":0,"14":12},"fnMap":{"1":{"name":"constructor","line":59,"loc":{"start":{"line":52,"column":4},"end":{"line":68,"column":4}}},"2":{"name":"enterRaffle","line":70,"loc":{"start":{"line":70,"column":4},"end":{"line":79,"column":4}}},"3":{"name":"checkUpkeep","line":81,"loc":{"start":{"line":81,"column":4},"end":{"line":90,"column":4}}},"4":{"name":"performUpkeep","line":92,"loc":{"start":{"line":92,"column":4},"end":{"line":111,"column":4}}},"5":{"name":"fulfillRandomWords","line":113,"loc":{"start":{"line":113,"column":4},"end":{"line":127,"column":4}}},"6":{"name":"getEntranceFee","line":131,"loc":{"start":{"line":131,"column":4},"end":{"line":133,"column":4}}},"7":{"name":"getPlayer","line":135,"loc":{"start":{"line":135,"column":4},"end":{"line":137,"column":4}}},"8":{"name":"getRecentWinner","line":139,"loc":{"start":{"line":139,"column":4},"end":{"line":141,"column":4}}},"9":{"name":"getRaffleState","line":143,"loc":{"start":{"line":143,"column":4},"end":{"line":145,"column":4}}},"10":{"name":"getNumWords","line":147,"loc":{"start":{"line":147,"column":4},"end":{"line":149,"column":4}}},"11":{"name":"getNumberOfPlayers","line":151,"loc":{"start":{"line":151,"column":4},"end":{"line":153,"column":4}}},"12":{"name":"getLatestTimeStamp","line":155,"loc":{"start":{"line":155,"column":4},"end":{"line":157,"column":4}}},"13":{"name":"getRequestConfirmations","line":159,"loc":{"start":{"line":159,"column":4},"end":{"line":161,"column":4}}},"14":{"name":"getInterval","line":163,"loc":{"start":{"line":163,"column":4},"end":{"line":165,"column":4}}}},"statementMap":{"1":{"start":{"line":60,"column":8},"end":{"line":60,"column":34}},"2":{"start":{"line":61,"column":8},"end":{"line":61,"column":69}},"3":{"start":{"line":62,"column":8},"end":{"line":62,"column":26}},"4":{"start":{"line":63,"column":8},"end":{"line":63,"column":40}},"5":{"start":{"line":64,"column":8},"end":{"line":64,"column":44}},"6":{"start":{"line":65,"column":8},"end":{"line":65,"column":39}},"7":{"start":{"line":66,"column":8},"end":{"line":66,"column":40}},"8":{"start":{"line":67,"column":8},"end":{"line":67,"column":28}},"9":{"start":{"line":71,"column":8},"end":{"line":71,"column":2198}},"10":{"start":{"line":75,"column":8},"end":{"line":75,"column":71}},"11":{"start":{"line":77,"column":8},"end":{"line":77,"column":42}},"12":{"start":{"line":78,"column":8},"end":{"line":78,"column":36}},"13":{"start":{"line":84,"column":8},"end":{"line":84,"column":55}},"14":{"start":{"line":85,"column":8},"end":{"line":85,"column":76}},"15":{"start":{"line":86,"column":8},"end":{"line":86,"column":51}},"16":{"start":{"line":87,"column":8},"end":{"line":87,"column":46}},"17":{"start":{"line":88,"column":8},"end":{"line":88,"column":72}},"18":{"start":{"line":89,"column":8},"end":{"line":89,"column":23}},"19":{"start":{"line":95,"column":8},"end":{"line":95,"column":47}},"20":{"start":{"line":96,"column":8},"end":{"line":96,"column":3098}},"21":{"start":{"line":102,"column":8},"end":{"line":102,"column":46}},"22":{"start":{"line":103,"column":8},"end":{"line":103,"column":3341}},"23":{"start":{"line":110,"column":8},"end":{"line":110,"column":45}},"24":{"start":{"line":117,"column":8},"end":{"line":117,"column":46}},"25":{"start":{"line":118,"column":8},"end":{"line":118,"column":68}},"26":{"start":{"line":119,"column":8},"end":{"line":119,"column":3860}},"27":{"start":{"line":122,"column":8},"end":{"line":122,"column":53}},"28":{"start":{"line":123,"column":8},"end":{"line":123,"column":43}},"29":{"start":{"line":124,"column":8},"end":{"line":124,"column":40}},"30":{"start":{"line":125,"column":8},"end":{"line":125,"column":39}},"31":{"start":{"line":126,"column":8},"end":{"line":126,"column":41}},"32":{"start":{"line":132,"column":8},"end":{"line":132,"column":28}},"33":{"start":{"line":136,"column":8},"end":{"line":136,"column":31}},"34":{"start":{"line":140,"column":8},"end":{"line":140,"column":29}},"35":{"start":{"line":144,"column":8},"end":{"line":144,"column":28}},"36":{"start":{"line":148,"column":8},"end":{"line":148,"column":24}},"37":{"start":{"line":152,"column":8},"end":{"line":152,"column":31}},"38":{"start":{"line":156,"column":8},"end":{"line":156,"column":30}},"39":{"start":{"line":160,"column":8},"end":{"line":160,"column":36}},"40":{"start":{"line":164,"column":8},"end":{"line":164,"column":25}}},"branchMap":{"1":{"line":71,"type":"if","locations":[{"start":{"line":71,"column":8},"end":{"line":71,"column":8}},{"start":{"line":71,"column":8},"end":{"line":71,"column":8}}]},"2":{"line":75,"type":"if","locations":[{"start":{"line":75,"column":8},"end":{"line":75,"column":8}},{"start":{"line":75,"column":8},"end":{"line":75,"column":8}}]},"3":{"line":96,"type":"if","locations":[{"start":{"line":96,"column":8},"end":{"line":96,"column":8}},{"start":{"line":96,"column":8},"end":{"line":96,"column":8}}]},"4":{"line":122,"type":"if","locations":[{"start":{"line":122,"column":8},"end":{"line":122,"column":8}},{"start":{"line":122,"column":8},"end":{"line":122,"column":8}}]}}},"contracts/tests/VRFCoordinatorV2Mock.sol":{"l":{},"path":"/Users/diveshgiri/Developer/webDevelopment/Blockchain Basics/hard-hat/hardhat-smart-contract-lottery/contracts/tests/VRFCoordinatorV2Mock.sol","s":{},"b":{},"f":{},"fnMap":{},"statementMap":{},"branchMap":{}}}