TN:
SF:/Users/diveshgiri/Developer/webDevelopment/Blockchain Basics/hard-hat/hardhat-smart-contract-lottery/contracts/Raffle.sol
FN:59,constructor
FN:70,enterRaffle
FN:81,checkUpkeep
FN:92,performUpkeep
FN:113,fulfillRandomWords
FN:131,getEntranceFee
FN:135,getPlayer
FN:139,getRecentWinner
FN:143,getRaffleState
FN:147,getNumWords
FN:151,getNumberOfPlayers
FN:155,getLatestTimeStamp
FN:159,getRequestConfirmations
FN:163,getInterval
FNF:14
FNH:7
FNDA:3,constructor
FNDA:9,enterRaffle
FNDA:7,checkUpkeep
FNDA:5,performUpkeep
FNDA:0,fulfillRandomWords
FNDA:0,getEntranceFee
FNDA:1,getPlayer
FNDA:0,getRecentWinner
FNDA:3,getRaffleState
FNDA:0,getNumWords
FNDA:0,getNumberOfPlayers
FNDA:0,getLatestTimeStamp
FNDA:0,getRequestConfirmations
FNDA:12,getInterval
DA:60,3
DA:61,3
DA:62,3
DA:63,3
DA:64,3
DA:65,3
DA:66,3
DA:67,3
DA:71,9
DA:72,1
DA:75,8
DA:77,7
DA:78,7
DA:84,7
DA:85,7
DA:86,7
DA:87,7
DA:88,7
DA:89,7
DA:95,5
DA:96,5
DA:97,1
DA:102,4
DA:103,4
DA:110,4
DA:117,0
DA:118,0
DA:119,0
DA:122,0
DA:123,0
DA:124,0
DA:125,0
DA:126,0
DA:132,0
DA:136,1
DA:140,0
DA:144,3
DA:148,0
DA:152,0
DA:156,0
DA:160,0
DA:164,12
LF:42
LH:28
BRDA:71,1,0,1
BRDA:71,1,1,8
BRDA:75,2,0,1
BRDA:75,2,1,7
BRDA:96,3,0,1
BRDA:96,3,1,4
BRDA:122,4,0,0
BRDA:122,4,1,0
BRF:8
BRH:6
end_of_record
TN:
SF:/Users/diveshgiri/Developer/webDevelopment/Blockchain Basics/hard-hat/hardhat-smart-contract-lottery/contracts/tests/VRFCoordinatorV2Mock.sol
FNF:0
FNH:0
LF:0
LH:0
BRF:0
BRH:0
end_of_record
